<?xml version="1.0" encoding="UTF-8"?>
<!-- Generated by org.testng.reporters.JUnitReportReporter -->
<testsuite hostname="MSI" failures="0" tests="4" name="test.OpenInAppTest" time="128.111" errors="0" timestamp="22 Aug 2024 15:36:02 GMT" skipped="0">
  <testcase classname="test.OpenInAppTest" name="loginTest" time="24.496"/>
  <testcase classname="test.OpenInAppTest" name="linkGenarate" time="86.806"/>
  <testcase classname="test.OpenInAppTest" name="instagramLogin" time="4.456"/>
  <testcase classname="test.OpenInAppTest" name="addLinksBio" time="12.353"/>
</testsuite> <!-- test.OpenInAppTest -->
